2025-12-22 20:12:13.752 - RealTimeSTT: realtimestt - INFO - Starting RealTimeSTT
2025-12-22 20:12:13.762 - RealTimeSTT: realtimestt - INFO - Initializing audio recording (creating pyAudio input stream, sample rate: 16000 buffer size: 512
2025-12-22 20:12:13.769 - RealTimeSTT: realtimestt - INFO - Initializing WebRTC voice with Sensitivity 3
2025-12-22 20:12:13.769 - RealTimeSTT: realtimestt - DEBUG - WebRTC VAD voice activity detection engine initialized successfully
2025-12-22 20:13:24.172 - RealTimeSTT: realtimestt - INFO - Starting RealTimeSTT
2025-12-22 20:13:24.182 - RealTimeSTT: realtimestt - INFO - Initializing audio recording (creating pyAudio input stream, sample rate: 16000 buffer size: 512
2025-12-22 20:13:24.205 - RealTimeSTT: realtimestt - INFO - Initializing WebRTC voice with Sensitivity 3
2025-12-22 20:13:24.205 - RealTimeSTT: realtimestt - DEBUG - WebRTC VAD voice activity detection engine initialized successfully
2025-12-22 20:14:18.763 - RealTimeSTT: realtimestt - DEBUG - Silero VAD voice activity detection engine initialized successfully
2025-12-22 20:14:18.764 - RealTimeSTT: realtimestt - DEBUG - Starting realtime worker
2025-12-22 20:14:18.764 - RealTimeSTT: realtimestt - DEBUG - Waiting for main transcription model to start
2025-12-22 20:14:18.764 - RealTimeSTT: realtimestt - DEBUG - Main transcription model ready
2025-12-22 20:14:18.763 - RealTimeSTT: realtimestt - WARNING - Audio queue size exceeds latency limit. Current size: 1623. Discarding old audio chunks.
2025-12-22 20:14:18.764 - RealTimeSTT: realtimestt - DEBUG - RealtimeSTT initialization completed successfully
2025-12-22 20:14:18.764 - RealTimeSTT: realtimestt - INFO - Setting listen time
2025-12-22 20:14:18.765 - RealTimeSTT: realtimestt - INFO - State changed from 'inactive' to 'listening'
2025-12-22 20:14:19.232 - RealTimeSTT: realtimestt - DEBUG - Waiting for recording start
2025-12-22 20:14:30.781 - RealTimeSTT: realtimestt - INFO - voice activity detected
2025-12-22 20:14:30.781 - RealTimeSTT: realtimestt - INFO - recording started
2025-12-22 20:14:30.781 - RealTimeSTT: realtimestt - INFO - State changed from 'listening' to 'recording'
2025-12-22 20:14:30.783 - RealTimeSTT: realtimestt - DEBUG - Waiting for recording stop
2025-12-22 20:14:31.939 - RealTimeSTT: realtimestt - INFO - recording stopped
2025-12-22 20:14:31.939 - RealTimeSTT: realtimestt - DEBUG - No samples removed, final audio length: 34816
2025-12-22 20:14:31.939 - RealTimeSTT: realtimestt - INFO - State changed from 'recording' to 'inactive'
2025-12-22 20:14:32.014 - RealTimeSTT: realtimestt - INFO - State changed from 'inactive' to 'transcribing'
2025-12-22 20:14:32.015 - RealTimeSTT: realtimestt - DEBUG - Adding transcription request, no early transcription started
2025-12-22 20:14:32.016 - RealTimeSTT: realtimestt - DEBUG - Receive from parent_transcription_pipe after sendiung transcription request, transcribe_count: 1
2025-12-22 20:14:32.120 - RealTimeSTT: realtimestt - DEBUG - Receive from parent_transcription_pipe after sendiung transcription request, transcribe_count: 1
2025-12-22 20:14:32.228 - RealTimeSTT: realtimestt - DEBUG - Receive from parent_transcription_pipe after sendiung transcription request, transcribe_count: 1
2025-12-22 20:14:32.337 - RealTimeSTT: realtimestt - DEBUG - Receive from parent_transcription_pipe after sendiung transcription request, transcribe_count: 1
2025-12-22 20:14:32.446 - RealTimeSTT: realtimestt - DEBUG - Receive from parent_transcription_pipe after sendiung transcription request, transcribe_count: 1
2025-12-22 20:14:32.452 - RealTimeSTT: realtimestt - INFO - State changed from 'transcribing' to 'inactive'
2025-12-22 20:14:32.471 - RealTimeSTT: realtimestt - DEBUG - Model tiny completed transcription in 0.46 seconds
2025-12-22 20:14:32.472 - RealTimeSTT: realtimestt - INFO - Setting listen time
2025-12-22 20:14:32.472 - RealTimeSTT: realtimestt - INFO - State changed from 'inactive' to 'listening'
2025-12-22 20:14:32.473 - RealTimeSTT: realtimestt - DEBUG - Waiting for recording start
2025-12-22 20:14:35.965 - RealTimeSTT: realtimestt - INFO - voice activity detected
2025-12-22 20:14:35.965 - RealTimeSTT: realtimestt - INFO - recording started
2025-12-22 20:14:35.965 - RealTimeSTT: realtimestt - INFO - State changed from 'listening' to 'recording'
2025-12-22 20:14:35.967 - RealTimeSTT: realtimestt - DEBUG - Waiting for recording stop
2025-12-22 20:14:37.888 - RealTimeSTT: realtimestt - INFO - recording stopped
2025-12-22 20:14:37.889 - RealTimeSTT: realtimestt - DEBUG - No samples removed, final audio length: 47104
2025-12-22 20:14:37.889 - RealTimeSTT: realtimestt - INFO - State changed from 'recording' to 'inactive'
2025-12-22 20:14:37.892 - RealTimeSTT: realtimestt - INFO - State changed from 'inactive' to 'transcribing'
2025-12-22 20:14:37.892 - RealTimeSTT: realtimestt - DEBUG - Adding transcription request, no early transcription started
2025-12-22 20:14:37.895 - RealTimeSTT: realtimestt - DEBUG - Receive from parent_transcription_pipe after sendiung transcription request, transcribe_count: 1
2025-12-22 20:14:38.001 - RealTimeSTT: realtimestt - DEBUG - Receive from parent_transcription_pipe after sendiung transcription request, transcribe_count: 1
2025-12-22 20:14:38.109 - RealTimeSTT: realtimestt - DEBUG - Receive from parent_transcription_pipe after sendiung transcription request, transcribe_count: 1
2025-12-22 20:14:38.218 - RealTimeSTT: realtimestt - DEBUG - Receive from parent_transcription_pipe after sendiung transcription request, transcribe_count: 1
2025-12-22 20:14:38.328 - RealTimeSTT: realtimestt - DEBUG - Receive from parent_transcription_pipe after sendiung transcription request, transcribe_count: 1
2025-12-22 20:14:38.366 - RealTimeSTT: realtimestt - INFO - State changed from 'transcribing' to 'inactive'
2025-12-22 20:14:38.379 - RealTimeSTT: realtimestt - DEBUG - Model tiny completed transcription in 0.49 seconds
2025-12-22 20:14:38.379 - RealTimeSTT: realtimestt - INFO - Setting listen time
2025-12-22 20:14:38.379 - RealTimeSTT: realtimestt - INFO - State changed from 'inactive' to 'listening'
2025-12-22 20:14:38.380 - RealTimeSTT: realtimestt - DEBUG - Waiting for recording start
2025-12-22 20:14:41.221 - RealTimeSTT: realtimestt - INFO - voice activity detected
2025-12-22 20:14:41.221 - RealTimeSTT: realtimestt - INFO - recording started
2025-12-22 20:14:41.221 - RealTimeSTT: realtimestt - INFO - State changed from 'listening' to 'recording'
2025-12-22 20:14:41.221 - RealTimeSTT: realtimestt - DEBUG - Waiting for recording stop
2025-12-22 20:14:45.570 - RealTimeSTT: realtimestt - INFO - recording stopped
2025-12-22 20:14:45.571 - RealTimeSTT: realtimestt - DEBUG - No samples removed, final audio length: 86016
2025-12-22 20:14:45.571 - RealTimeSTT: realtimestt - INFO - State changed from 'recording' to 'inactive'
2025-12-22 20:14:45.609 - RealTimeSTT: realtimestt - INFO - State changed from 'inactive' to 'transcribing'
2025-12-22 20:14:45.609 - RealTimeSTT: realtimestt - DEBUG - Adding transcription request, no early transcription started
2025-12-22 20:14:45.619 - RealTimeSTT: realtimestt - DEBUG - Receive from parent_transcription_pipe after sendiung transcription request, transcribe_count: 1
2025-12-22 20:14:45.724 - RealTimeSTT: realtimestt - DEBUG - Receive from parent_transcription_pipe after sendiung transcription request, transcribe_count: 1
2025-12-22 20:14:45.832 - RealTimeSTT: realtimestt - DEBUG - Receive from parent_transcription_pipe after sendiung transcription request, transcribe_count: 1
2025-12-22 20:14:45.943 - RealTimeSTT: realtimestt - DEBUG - Receive from parent_transcription_pipe after sendiung transcription request, transcribe_count: 1
2025-12-22 20:14:46.052 - RealTimeSTT: realtimestt - DEBUG - Receive from parent_transcription_pipe after sendiung transcription request, transcribe_count: 1
2025-12-22 20:14:46.110 - RealTimeSTT: realtimestt - INFO - State changed from 'transcribing' to 'inactive'
2025-12-22 20:14:46.120 - RealTimeSTT: realtimestt - DEBUG - Model tiny completed transcription in 0.51 seconds
2025-12-22 20:14:46.120 - RealTimeSTT: realtimestt - INFO - Setting listen time
2025-12-22 20:14:46.121 - RealTimeSTT: realtimestt - INFO - State changed from 'inactive' to 'listening'
2025-12-22 20:14:46.121 - RealTimeSTT: realtimestt - DEBUG - Waiting for recording start
2025-12-22 20:14:48.319 - RealTimeSTT: realtimestt - INFO - voice activity detected
2025-12-22 20:14:48.319 - RealTimeSTT: realtimestt - INFO - recording started
2025-12-22 20:14:48.319 - RealTimeSTT: realtimestt - INFO - State changed from 'listening' to 'recording'
2025-12-22 20:14:48.319 - RealTimeSTT: realtimestt - DEBUG - Waiting for recording stop
2025-12-22 20:14:52.356 - RealTimeSTT: realtimestt - INFO - recording stopped
2025-12-22 20:14:52.356 - RealTimeSTT: realtimestt - DEBUG - No samples removed, final audio length: 80896
2025-12-22 20:14:52.356 - RealTimeSTT: realtimestt - INFO - State changed from 'recording' to 'inactive'
2025-12-22 20:14:52.397 - RealTimeSTT: realtimestt - INFO - State changed from 'inactive' to 'transcribing'
2025-12-22 20:14:52.398 - RealTimeSTT: realtimestt - DEBUG - Adding transcription request, no early transcription started
2025-12-22 20:14:52.414 - RealTimeSTT: realtimestt - DEBUG - Receive from parent_transcription_pipe after sendiung transcription request, transcribe_count: 1
2025-12-22 20:14:52.520 - RealTimeSTT: realtimestt - DEBUG - Receive from parent_transcription_pipe after sendiung transcription request, transcribe_count: 1
2025-12-22 20:14:52.629 - RealTimeSTT: realtimestt - DEBUG - Receive from parent_transcription_pipe after sendiung transcription request, transcribe_count: 1
2025-12-22 20:14:52.739 - RealTimeSTT: realtimestt - DEBUG - Receive from parent_transcription_pipe after sendiung transcription request, transcribe_count: 1
2025-12-22 20:14:52.847 - RealTimeSTT: realtimestt - DEBUG - Receive from parent_transcription_pipe after sendiung transcription request, transcribe_count: 1
2025-12-22 20:14:52.906 - RealTimeSTT: realtimestt - INFO - State changed from 'transcribing' to 'inactive'
2025-12-22 20:14:52.957 - RealTimeSTT: realtimestt - DEBUG - Model tiny completed transcription in 0.56 seconds
2025-12-22 20:14:52.959 - RealTimeSTT: realtimestt - INFO - Setting listen time
2025-12-22 20:14:52.959 - RealTimeSTT: realtimestt - INFO - State changed from 'inactive' to 'listening'
2025-12-22 20:14:52.960 - RealTimeSTT: realtimestt - DEBUG - Waiting for recording start
2025-12-22 20:14:56.897 - RealTimeSTT: realtimestt - INFO - voice activity detected
2025-12-22 20:14:56.897 - RealTimeSTT: realtimestt - INFO - recording started
2025-12-22 20:14:56.897 - RealTimeSTT: realtimestt - INFO - State changed from 'listening' to 'recording'
2025-12-22 20:14:56.897 - RealTimeSTT: realtimestt - DEBUG - Waiting for recording stop
2025-12-22 20:14:58.175 - RealTimeSTT: realtimestt - INFO - recording stopped
2025-12-22 20:14:58.175 - RealTimeSTT: realtimestt - DEBUG - No samples removed, final audio length: 36864
2025-12-22 20:14:58.175 - RealTimeSTT: realtimestt - INFO - State changed from 'recording' to 'inactive'
2025-12-22 20:14:58.275 - RealTimeSTT: realtimestt - INFO - State changed from 'inactive' to 'transcribing'
2025-12-22 20:14:58.276 - RealTimeSTT: realtimestt - DEBUG - Adding transcription request, no early transcription started
2025-12-22 20:14:58.277 - RealTimeSTT: realtimestt - DEBUG - Receive from parent_transcription_pipe after sendiung transcription request, transcribe_count: 1
2025-12-22 20:14:58.381 - RealTimeSTT: realtimestt - DEBUG - Receive from parent_transcription_pipe after sendiung transcription request, transcribe_count: 1
2025-12-22 20:14:58.491 - RealTimeSTT: realtimestt - DEBUG - Receive from parent_transcription_pipe after sendiung transcription request, transcribe_count: 1
2025-12-22 20:14:58.600 - RealTimeSTT: realtimestt - DEBUG - Receive from parent_transcription_pipe after sendiung transcription request, transcribe_count: 1
2025-12-22 20:14:58.710 - RealTimeSTT: realtimestt - DEBUG - Receive from parent_transcription_pipe after sendiung transcription request, transcribe_count: 1
2025-12-22 20:14:58.715 - RealTimeSTT: realtimestt - INFO - State changed from 'transcribing' to 'inactive'
2025-12-22 20:14:58.734 - RealTimeSTT: realtimestt - DEBUG - Model tiny completed transcription in 0.46 seconds
2025-12-22 20:14:58.734 - RealTimeSTT: realtimestt - INFO - Setting listen time
2025-12-22 20:14:58.734 - RealTimeSTT: realtimestt - INFO - State changed from 'inactive' to 'listening'
2025-12-22 20:14:58.735 - RealTimeSTT: realtimestt - DEBUG - Waiting for recording start
2025-12-22 20:15:00.028 - RealTimeSTT: realtimestt - INFO - voice activity detected
2025-12-22 20:15:00.028 - RealTimeSTT: realtimestt - INFO - recording started
2025-12-22 20:15:00.028 - RealTimeSTT: realtimestt - INFO - State changed from 'listening' to 'recording'
2025-12-22 20:15:00.028 - RealTimeSTT: realtimestt - DEBUG - Waiting for recording stop
2025-12-22 20:15:01.185 - RealTimeSTT: realtimestt - INFO - recording stopped
2025-12-22 20:15:01.185 - RealTimeSTT: realtimestt - DEBUG - No samples removed, final audio length: 34816
2025-12-22 20:15:01.185 - RealTimeSTT: realtimestt - INFO - State changed from 'recording' to 'inactive'
2025-12-22 20:15:01.245 - RealTimeSTT: realtimestt - INFO - State changed from 'inactive' to 'transcribing'
2025-12-22 20:15:01.247 - RealTimeSTT: realtimestt - DEBUG - Adding transcription request, no early transcription started
2025-12-22 20:15:01.265 - RealTimeSTT: realtimestt - DEBUG - Receive from parent_transcription_pipe after sendiung transcription request, transcribe_count: 1
2025-12-22 20:15:01.367 - RealTimeSTT: realtimestt - DEBUG - Receive from parent_transcription_pipe after sendiung transcription request, transcribe_count: 1
2025-12-22 20:15:01.477 - RealTimeSTT: realtimestt - DEBUG - Receive from parent_transcription_pipe after sendiung transcription request, transcribe_count: 1
2025-12-22 20:15:01.587 - RealTimeSTT: realtimestt - DEBUG - Receive from parent_transcription_pipe after sendiung transcription request, transcribe_count: 1
2025-12-22 20:15:01.685 - RealTimeSTT: realtimestt - INFO - State changed from 'transcribing' to 'inactive'
2025-12-22 20:15:01.703 - RealTimeSTT: realtimestt - DEBUG - Model tiny completed transcription in 0.46 seconds
2025-12-22 20:15:01.704 - RealTimeSTT: realtimestt - INFO - Setting listen time
2025-12-22 20:15:01.704 - RealTimeSTT: realtimestt - INFO - State changed from 'inactive' to 'listening'
2025-12-22 20:15:01.704 - RealTimeSTT: realtimestt - DEBUG - Waiting for recording start
2025-12-22 20:15:03.934 - RealTimeSTT: realtimestt - INFO - voice activity detected
2025-12-22 20:15:03.934 - RealTimeSTT: realtimestt - INFO - recording started
2025-12-22 20:15:03.934 - RealTimeSTT: realtimestt - INFO - State changed from 'listening' to 'recording'
2025-12-22 20:15:03.934 - RealTimeSTT: realtimestt - DEBUG - Waiting for recording stop
2025-12-22 20:15:05.474 - RealTimeSTT: realtimestt - INFO - recording stopped
2025-12-22 20:15:05.474 - RealTimeSTT: realtimestt - DEBUG - No samples removed, final audio length: 40960
2025-12-22 20:15:05.474 - RealTimeSTT: realtimestt - INFO - State changed from 'recording' to 'inactive'
2025-12-22 20:15:05.566 - RealTimeSTT: realtimestt - INFO - State changed from 'inactive' to 'transcribing'
2025-12-22 20:15:05.568 - RealTimeSTT: realtimestt - DEBUG - Adding transcription request, no early transcription started
2025-12-22 20:15:05.569 - RealTimeSTT: realtimestt - DEBUG - Receive from parent_transcription_pipe after sendiung transcription request, transcribe_count: 1
2025-12-22 20:15:05.668 - RealTimeSTT: realtimestt - DEBUG - Receive from parent_transcription_pipe after sendiung transcription request, transcribe_count: 1
2025-12-22 20:15:05.777 - RealTimeSTT: realtimestt - DEBUG - Receive from parent_transcription_pipe after sendiung transcription request, transcribe_count: 1
2025-12-22 20:15:05.885 - RealTimeSTT: realtimestt - DEBUG - Receive from parent_transcription_pipe after sendiung transcription request, transcribe_count: 1
2025-12-22 20:15:05.995 - RealTimeSTT: realtimestt - DEBUG - Receive from parent_transcription_pipe after sendiung transcription request, transcribe_count: 1
2025-12-22 20:15:06.014 - RealTimeSTT: realtimestt - INFO - State changed from 'transcribing' to 'inactive'
2025-12-22 20:15:06.024 - RealTimeSTT: realtimestt - DEBUG - Model tiny completed transcription in 0.46 seconds
2025-12-22 20:15:06.025 - RealTimeSTT: realtimestt - INFO - Setting listen time
2025-12-22 20:15:06.025 - RealTimeSTT: realtimestt - INFO - State changed from 'inactive' to 'listening'
2025-12-22 20:15:06.026 - RealTimeSTT: realtimestt - DEBUG - Waiting for recording start
2025-12-22 20:15:07.268 - RealTimeSTT: realtimestt - INFO - voice activity detected
2025-12-22 20:15:07.268 - RealTimeSTT: realtimestt - INFO - recording started
2025-12-22 20:15:07.268 - RealTimeSTT: realtimestt - INFO - State changed from 'listening' to 'recording'
2025-12-22 20:15:07.268 - RealTimeSTT: realtimestt - DEBUG - Waiting for recording stop
2025-12-22 20:15:09.179 - RealTimeSTT: realtimestt - INFO - recording stopped
2025-12-22 20:15:09.180 - RealTimeSTT: realtimestt - DEBUG - No samples removed, final audio length: 47104
2025-12-22 20:15:09.180 - RealTimeSTT: realtimestt - INFO - State changed from 'recording' to 'inactive'
2025-12-22 20:15:09.190 - RealTimeSTT: realtimestt - INFO - State changed from 'inactive' to 'transcribing'
2025-12-22 20:15:09.191 - RealTimeSTT: realtimestt - DEBUG - Adding transcription request, no early transcription started
2025-12-22 20:15:09.194 - RealTimeSTT: realtimestt - DEBUG - Receive from parent_transcription_pipe after sendiung transcription request, transcribe_count: 1
2025-12-22 20:15:09.305 - RealTimeSTT: realtimestt - DEBUG - Receive from parent_transcription_pipe after sendiung transcription request, transcribe_count: 1
2025-12-22 20:15:09.413 - RealTimeSTT: realtimestt - DEBUG - Receive from parent_transcription_pipe after sendiung transcription request, transcribe_count: 1
2025-12-22 20:15:09.523 - RealTimeSTT: realtimestt - DEBUG - Receive from parent_transcription_pipe after sendiung transcription request, transcribe_count: 1
2025-12-22 20:15:09.629 - RealTimeSTT: realtimestt - INFO - State changed from 'transcribing' to 'inactive'
2025-12-22 20:15:09.653 - RealTimeSTT: realtimestt - DEBUG - Model tiny completed transcription in 0.46 seconds
2025-12-22 20:15:09.653 - RealTimeSTT: realtimestt - INFO - Setting listen time
2025-12-22 20:15:09.653 - RealTimeSTT: realtimestt - INFO - State changed from 'inactive' to 'listening'
2025-12-22 20:15:09.654 - RealTimeSTT: realtimestt - DEBUG - Waiting for recording start
2025-12-22 20:15:12.129 - RealTimeSTT: realtimestt - INFO - voice activity detected
2025-12-22 20:15:12.129 - RealTimeSTT: realtimestt - INFO - recording started
2025-12-22 20:15:12.129 - RealTimeSTT: realtimestt - INFO - State changed from 'listening' to 'recording'
2025-12-22 20:15:12.129 - RealTimeSTT: realtimestt - DEBUG - Waiting for recording stop
2025-12-22 20:15:13.660 - RealTimeSTT: realtimestt - INFO - recording stopped
2025-12-22 20:15:13.660 - RealTimeSTT: realtimestt - DEBUG - No samples removed, final audio length: 40960
2025-12-22 20:15:13.660 - RealTimeSTT: realtimestt - INFO - State changed from 'recording' to 'inactive'
2025-12-22 20:15:13.675 - RealTimeSTT: realtimestt - INFO - State changed from 'inactive' to 'transcribing'
2025-12-22 20:15:13.675 - RealTimeSTT: realtimestt - DEBUG - Adding transcription request, no early transcription started
2025-12-22 20:15:13.682 - RealTimeSTT: realtimestt - DEBUG - Receive from parent_transcription_pipe after sendiung transcription request, transcribe_count: 1
2025-12-22 20:15:13.787 - RealTimeSTT: realtimestt - DEBUG - Receive from parent_transcription_pipe after sendiung transcription request, transcribe_count: 1
2025-12-22 20:15:13.896 - RealTimeSTT: realtimestt - DEBUG - Receive from parent_transcription_pipe after sendiung transcription request, transcribe_count: 1
2025-12-22 20:15:14.006 - RealTimeSTT: realtimestt - DEBUG - Receive from parent_transcription_pipe after sendiung transcription request, transcribe_count: 1
2025-12-22 20:15:14.115 - RealTimeSTT: realtimestt - DEBUG - Receive from parent_transcription_pipe after sendiung transcription request, transcribe_count: 1
2025-12-22 20:15:14.179 - RealTimeSTT: realtimestt - INFO - State changed from 'transcribing' to 'inactive'
2025-12-22 20:15:14.182 - RealTimeSTT: realtimestt - DEBUG - Model tiny completed transcription in 0.51 seconds
2025-12-22 20:15:14.182 - RealTimeSTT: realtimestt - INFO - Setting listen time
2025-12-22 20:15:14.182 - RealTimeSTT: realtimestt - INFO - State changed from 'inactive' to 'listening'
2025-12-22 20:15:14.183 - RealTimeSTT: realtimestt - DEBUG - Waiting for recording start
2025-12-22 20:15:17.697 - RealTimeSTT: realtimestt - INFO - voice activity detected
2025-12-22 20:15:17.697 - RealTimeSTT: realtimestt - INFO - recording started
2025-12-22 20:15:17.697 - RealTimeSTT: realtimestt - INFO - State changed from 'listening' to 'recording'
2025-12-22 20:15:17.698 - RealTimeSTT: realtimestt - DEBUG - Waiting for recording stop
2025-12-22 20:15:18.845 - RealTimeSTT: realtimestt - INFO - recording stopped
2025-12-22 20:15:18.845 - RealTimeSTT: realtimestt - DEBUG - No samples removed, final audio length: 34816
2025-12-22 20:15:18.845 - RealTimeSTT: realtimestt - INFO - State changed from 'recording' to 'inactive'
2025-12-22 20:15:18.852 - RealTimeSTT: realtimestt - INFO - State changed from 'inactive' to 'transcribing'
2025-12-22 20:15:18.852 - RealTimeSTT: realtimestt - DEBUG - Adding transcription request, no early transcription started
2025-12-22 20:15:18.854 - RealTimeSTT: realtimestt - DEBUG - Receive from parent_transcription_pipe after sendiung transcription request, transcribe_count: 1
2025-12-22 20:15:18.959 - RealTimeSTT: realtimestt - DEBUG - Receive from parent_transcription_pipe after sendiung transcription request, transcribe_count: 1
2025-12-22 20:15:19.068 - RealTimeSTT: realtimestt - DEBUG - Receive from parent_transcription_pipe after sendiung transcription request, transcribe_count: 1
2025-12-22 20:15:19.178 - RealTimeSTT: realtimestt - DEBUG - Receive from parent_transcription_pipe after sendiung transcription request, transcribe_count: 1
2025-12-22 20:15:19.259 - RealTimeSTT: realtimestt - INFO - State changed from 'transcribing' to 'inactive'
2025-12-22 20:15:19.310 - RealTimeSTT: realtimestt - DEBUG - Model tiny completed transcription in 0.46 seconds
2025-12-22 20:15:19.310 - RealTimeSTT: realtimestt - INFO - Setting listen time
2025-12-22 20:15:19.310 - RealTimeSTT: realtimestt - INFO - State changed from 'inactive' to 'listening'
2025-12-22 20:15:19.311 - RealTimeSTT: realtimestt - DEBUG - Waiting for recording start
2025-12-22 20:15:20.899 - RealTimeSTT: realtimestt - INFO - voice activity detected
2025-12-22 20:15:20.899 - RealTimeSTT: realtimestt - INFO - recording started
2025-12-22 20:15:20.899 - RealTimeSTT: realtimestt - INFO - State changed from 'listening' to 'recording'
2025-12-22 20:15:20.899 - RealTimeSTT: realtimestt - DEBUG - Waiting for recording stop
2025-12-22 20:15:23.325 - RealTimeSTT: realtimestt - INFO - recording stopped
2025-12-22 20:15:23.326 - RealTimeSTT: realtimestt - DEBUG - No samples removed, final audio length: 55296
2025-12-22 20:15:23.326 - RealTimeSTT: realtimestt - INFO - State changed from 'recording' to 'inactive'
2025-12-22 20:15:23.380 - RealTimeSTT: realtimestt - INFO - State changed from 'inactive' to 'transcribing'
2025-12-22 20:15:23.381 - RealTimeSTT: realtimestt - DEBUG - Adding transcription request, no early transcription started
2025-12-22 20:15:23.394 - RealTimeSTT: realtimestt - DEBUG - Receive from parent_transcription_pipe after sendiung transcription request, transcribe_count: 1
2025-12-22 20:15:23.498 - RealTimeSTT: realtimestt - DEBUG - Receive from parent_transcription_pipe after sendiung transcription request, transcribe_count: 1
2025-12-22 20:15:23.606 - RealTimeSTT: realtimestt - DEBUG - Receive from parent_transcription_pipe after sendiung transcription request, transcribe_count: 1
2025-12-22 20:15:23.717 - RealTimeSTT: realtimestt - DEBUG - Receive from parent_transcription_pipe after sendiung transcription request, transcribe_count: 1
2025-12-22 20:15:23.827 - RealTimeSTT: realtimestt - DEBUG - Receive from parent_transcription_pipe after sendiung transcription request, transcribe_count: 1
2025-12-22 20:15:23.842 - RealTimeSTT: realtimestt - INFO - State changed from 'transcribing' to 'inactive'
2025-12-22 20:15:23.889 - RealTimeSTT: realtimestt - DEBUG - Model tiny completed transcription in 0.51 seconds
2025-12-22 20:15:23.889 - RealTimeSTT: realtimestt - INFO - Setting listen time
2025-12-22 20:15:23.889 - RealTimeSTT: realtimestt - INFO - State changed from 'inactive' to 'listening'
2025-12-22 20:15:23.890 - RealTimeSTT: realtimestt - DEBUG - Waiting for recording start
